<?xml version="1.0" encoding="UTF-8"?>
<!-- Generated by org.testng.reporters.JUnitXMLReporter -->
<testsuite ignored="0" hostname="TYSS-Gali-Sai-Vasavi" failures="0" tests="3" name="Default test" time="18.411" errors="0" timestamp="2023-12-16T11:07:23 IST">
  <testcase classname="practice.DataProviders" name="login" time="8.511"/>
  <testcase classname="practice.DataProviders" name="login" time="5.051"/>
  <testcase classname="practice.DataProviders" name="login" time="4.75"/>
</testsuite> <!-- Default test -->
