<?xml version="1.0" encoding="UTF-8"?>
<!-- Generated by org.testng.reporters.JUnitXMLReporter -->
<testsuite ignored="4" hostname="TYSS-Gali-Sai-Vasavi" failures="0" tests="0" time="0.021" errors="0" timestamp="2023-12-16T17:16:05 IST">
  <testcase classname="practice.facebook" name="login1" time="0.0">
    <ignored/>
  </testcase> <!-- login1 -->
  <testcase classname="practice.instagram" name="submit" time="0.0">
    <ignored/>
  </testcase> <!-- submit -->
  <testcase classname="practice.Amazon1" name="login" time="0.0">
    <ignored/>
  </testcase> <!-- login -->
  <testcase classname="practice.twitter" name="submit" time="0.0">
    <ignored/>
  </testcase> <!-- submit -->
</testsuite>
